<?xml version="1.0" encoding="UTF-8"?>
<testsuite xmlns:xsi="http://www.w3.org/2001/XMLSchema-instance" xsi:noNamespaceSchemaLocation="https://maven.apache.org/surefire/maven-surefire-plugin/xsd/surefire-test-report.xsd" name="org.example.AppTest" time="0.077" tests="6" errors="0" skipped="0" failures="0">
  <properties>
[...]
</properties>
  <testcase name="binarySearchTest" classname="org.example.AppTest" time="0.004"/>
  <testcase name="selectionSortTest" classname="org.example.AppTest" time="0.007"/>
  <testcase name="selectionSortTestFirst" classname="org.example.AppTest" time="0"/>
  <testcase name="insertSortTestFirst" classname="org.example.AppTest" time="0.001"/>
  <testcase name="bubbleSortTest" classname="org.example.AppTest" time="0.016"/>
  <testcase name="binaryNullTest" classname="org.example.AppTest" time="0.001"/>
</testsuite>